The system is: Linux - 5.11.13-arch1-1 - x86_64
Compiling the C compiler identification source file "CMakeCCompilerId.c" succeeded.
Compiler: /usr/bin/clang-11 
Build flags: 
Id flags:  

The output was:
0


Compilation of the C compiler identification source "CMakeCCompilerId.c" produced "a.out"

The C compiler identification is Clang, found in "/home/paul/Projekte/AdaptiveReprogramming/voila_mlir/build/CMakeFiles/3.20.1/CompilerIdC/a.out"

Compiling the CXX compiler identification source file "CMakeCXXCompilerId.cpp" succeeded.
Compiler: /usr/bin/clang++-11 
Build flags: 
Id flags:  

The output was:
0


Compilation of the CXX compiler identification source "CMakeCXXCompilerId.cpp" produced "a.out"

The CXX compiler identification is Clang, found in "/home/paul/Projekte/AdaptiveReprogramming/voila_mlir/build/CMakeFiles/3.20.1/CompilerIdCXX/a.out"

Detecting C compiler ABI info compiled with the following output:
Change Dir: /home/paul/Projekte/AdaptiveReprogramming/voila_mlir/build/CMakeFiles/CMakeTmp

Run Build Command(s):/usr/bin/ninja cmTC_f704f && [1/2] Building C object CMakeFiles/cmTC_f704f.dir/CMakeCCompilerABI.c.o
clang version 11.1.0
Target: x86_64-pc-linux-gnu
Thread model: posix
InstalledDir: /usr/bin
Found candidate GCC installation: /usr/bin/../lib/gcc/x86_64-pc-linux-gnu/10.2.0
Found candidate GCC installation: /usr/bin/../lib/gcc/x86_64-pc-linux-gnu/8.4.0
Found candidate GCC installation: /usr/bin/../lib64/gcc/x86_64-pc-linux-gnu/10.2.0
Found candidate GCC installation: /usr/bin/../lib64/gcc/x86_64-pc-linux-gnu/8.4.0
Found candidate GCC installation: /usr/lib/gcc/x86_64-pc-linux-gnu/10.2.0
Found candidate GCC installation: /usr/lib/gcc/x86_64-pc-linux-gnu/8.4.0
Found candidate GCC installation: /usr/lib64/gcc/x86_64-pc-linux-gnu/10.2.0
Found candidate GCC installation: /usr/lib64/gcc/x86_64-pc-linux-gnu/8.4.0
Selected GCC installation: /usr/bin/../lib64/gcc/x86_64-pc-linux-gnu/10.2.0
Candidate multilib: .;@m64
Candidate multilib: 32;@m32
Selected multilib: .;@m64
 (in-process)
 "/usr/bin/clang-11" -cc1 -triple x86_64-pc-linux-gnu -emit-obj -mrelax-all -disable-free -disable-llvm-verifier -discard-value-names -main-file-name CMakeCCompilerABI.c -mrelocation-model pic -pic-level 2 -pic-is-pie -mframe-pointer=all -fmath-errno -fno-rounding-math -mconstructor-aliases -munwind-tables -target-cpu x86-64 -fno-split-dwarf-inlining -debugger-tuning=gdb -v -resource-dir /usr/lib/clang/11.1.0 -dependency-file CMakeFiles/cmTC_f704f.dir/CMakeCCompilerABI.c.o.d -MT CMakeFiles/cmTC_f704f.dir/CMakeCCompilerABI.c.o -sys-header-deps -internal-isystem /usr/local/include -internal-isystem /usr/lib/clang/11.1.0/include -internal-externc-isystem /include -internal-externc-isystem /usr/include -fdebug-compilation-dir /home/paul/Projekte/AdaptiveReprogramming/voila_mlir/build/CMakeFiles/CMakeTmp -ferror-limit 19 -stack-protector 2 -fgnuc-version=4.2.1 -faddrsig -o CMakeFiles/cmTC_f704f.dir/CMakeCCompilerABI.c.o -x c /usr/share/cmake-3.20/Modules/CMakeCCompilerABI.c
clang -cc1 version 11.1.0 based upon LLVM 11.1.0 default target x86_64-pc-linux-gnu
ignoring nonexistent directory "/include"
#include "..." search starts here:
#include <...> search starts here:
 /usr/local/include
 /usr/lib/clang/11.1.0/include
 /usr/include
End of search list.
[2/2] Linking C executable cmTC_f704f
clang version 11.1.0
Target: x86_64-pc-linux-gnu
Thread model: posix
InstalledDir: /usr/bin
Found candidate GCC installation: /usr/bin/../lib/gcc/x86_64-pc-linux-gnu/10.2.0
Found candidate GCC installation: /usr/bin/../lib/gcc/x86_64-pc-linux-gnu/8.4.0
Found candidate GCC installation: /usr/bin/../lib64/gcc/x86_64-pc-linux-gnu/10.2.0
Found candidate GCC installation: /usr/bin/../lib64/gcc/x86_64-pc-linux-gnu/8.4.0
Found candidate GCC installation: /usr/lib/gcc/x86_64-pc-linux-gnu/10.2.0
Found candidate GCC installation: /usr/lib/gcc/x86_64-pc-linux-gnu/8.4.0
Found candidate GCC installation: /usr/lib64/gcc/x86_64-pc-linux-gnu/10.2.0
Found candidate GCC installation: /usr/lib64/gcc/x86_64-pc-linux-gnu/8.4.0
Selected GCC installation: /usr/bin/../lib64/gcc/x86_64-pc-linux-gnu/10.2.0
Candidate multilib: .;@m64
Candidate multilib: 32;@m32
Selected multilib: .;@m64
 "/usr/bin/ld" -pie --eh-frame-hdr -m elf_x86_64 -dynamic-linker /lib64/ld-linux-x86-64.so.2 -o cmTC_f704f /usr/bin/../lib64/gcc/x86_64-pc-linux-gnu/10.2.0/../../../../lib64/Scrt1.o /usr/bin/../lib64/gcc/x86_64-pc-linux-gnu/10.2.0/../../../../lib64/crti.o /usr/bin/../lib64/gcc/x86_64-pc-linux-gnu/10.2.0/crtbeginS.o -L/usr/bin/../lib64/gcc/x86_64-pc-linux-gnu/10.2.0 -L/usr/bin/../lib64/gcc/x86_64-pc-linux-gnu/10.2.0/../../../../lib64 -L/usr/bin/../lib64 -L/lib/../lib64 -L/usr/lib/../lib64 -L/usr/bin/../lib64/gcc/x86_64-pc-linux-gnu/10.2.0/../../.. -L/usr/bin/../lib -L/lib -L/usr/lib CMakeFiles/cmTC_f704f.dir/CMakeCCompilerABI.c.o -lgcc --as-needed -lgcc_s --no-as-needed -lc -lgcc --as-needed -lgcc_s --no-as-needed /usr/bin/../lib64/gcc/x86_64-pc-linux-gnu/10.2.0/crtendS.o /usr/bin/../lib64/gcc/x86_64-pc-linux-gnu/10.2.0/../../../../lib64/crtn.o



Parsed C implicit include dir info from above output: rv=done
  found start of include info
  found start of implicit include info
    add: [/usr/local/include]
    add: [/usr/lib/clang/11.1.0/include]
    add: [/usr/include]
  end of search list found
  collapse include dir [/usr/local/include] ==> [/usr/local/include]
  collapse include dir [/usr/lib/clang/11.1.0/include] ==> [/usr/lib/clang/11.1.0/include]
  collapse include dir [/usr/include] ==> [/usr/include]
  implicit include dirs: [/usr/local/include;/usr/lib/clang/11.1.0/include;/usr/include]


Parsed C implicit link information from above output:
  link line regex: [^( *|.*[/\])(ld|CMAKE_LINK_STARTFILE-NOTFOUND|([^/\]+-)?ld|collect2)[^/\]*( |$)]
  ignore line: [Change Dir: /home/paul/Projekte/AdaptiveReprogramming/voila_mlir/build/CMakeFiles/CMakeTmp]
  ignore line: []
  ignore line: [Run Build Command(s):/usr/bin/ninja cmTC_f704f && [1/2] Building C object CMakeFiles/cmTC_f704f.dir/CMakeCCompilerABI.c.o]
  ignore line: [clang version 11.1.0]
  ignore line: [Target: x86_64-pc-linux-gnu]
  ignore line: [Thread model: posix]
  ignore line: [InstalledDir: /usr/bin]
  ignore line: [Found candidate GCC installation: /usr/bin/../lib/gcc/x86_64-pc-linux-gnu/10.2.0]
  ignore line: [Found candidate GCC installation: /usr/bin/../lib/gcc/x86_64-pc-linux-gnu/8.4.0]
  ignore line: [Found candidate GCC installation: /usr/bin/../lib64/gcc/x86_64-pc-linux-gnu/10.2.0]
  ignore line: [Found candidate GCC installation: /usr/bin/../lib64/gcc/x86_64-pc-linux-gnu/8.4.0]
  ignore line: [Found candidate GCC installation: /usr/lib/gcc/x86_64-pc-linux-gnu/10.2.0]
  ignore line: [Found candidate GCC installation: /usr/lib/gcc/x86_64-pc-linux-gnu/8.4.0]
  ignore line: [Found candidate GCC installation: /usr/lib64/gcc/x86_64-pc-linux-gnu/10.2.0]
  ignore line: [Found candidate GCC installation: /usr/lib64/gcc/x86_64-pc-linux-gnu/8.4.0]
  ignore line: [Selected GCC installation: /usr/bin/../lib64/gcc/x86_64-pc-linux-gnu/10.2.0]
  ignore line: [Candidate multilib: .]
  ignore line: [@m64]
  ignore line: [Candidate multilib: 32]
  ignore line: [@m32]
  ignore line: [Selected multilib: .]
  ignore line: [@m64]
  ignore line: [ (in-process)]
  ignore line: [ "/usr/bin/clang-11" -cc1 -triple x86_64-pc-linux-gnu -emit-obj -mrelax-all -disable-free -disable-llvm-verifier -discard-value-names -main-file-name CMakeCCompilerABI.c -mrelocation-model pic -pic-level 2 -pic-is-pie -mframe-pointer=all -fmath-errno -fno-rounding-math -mconstructor-aliases -munwind-tables -target-cpu x86-64 -fno-split-dwarf-inlining -debugger-tuning=gdb -v -resource-dir /usr/lib/clang/11.1.0 -dependency-file CMakeFiles/cmTC_f704f.dir/CMakeCCompilerABI.c.o.d -MT CMakeFiles/cmTC_f704f.dir/CMakeCCompilerABI.c.o -sys-header-deps -internal-isystem /usr/local/include -internal-isystem /usr/lib/clang/11.1.0/include -internal-externc-isystem /include -internal-externc-isystem /usr/include -fdebug-compilation-dir /home/paul/Projekte/AdaptiveReprogramming/voila_mlir/build/CMakeFiles/CMakeTmp -ferror-limit 19 -stack-protector 2 -fgnuc-version=4.2.1 -faddrsig -o CMakeFiles/cmTC_f704f.dir/CMakeCCompilerABI.c.o -x c /usr/share/cmake-3.20/Modules/CMakeCCompilerABI.c]
  ignore line: [clang -cc1 version 11.1.0 based upon LLVM 11.1.0 default target x86_64-pc-linux-gnu]
  ignore line: [ignoring nonexistent directory "/include"]
  ignore line: [#include "..." search starts here:]
  ignore line: [#include <...> search starts here:]
  ignore line: [ /usr/local/include]
  ignore line: [ /usr/lib/clang/11.1.0/include]
  ignore line: [ /usr/include]
  ignore line: [End of search list.]
  ignore line: [[2/2] Linking C executable cmTC_f704f]
  ignore line: [clang version 11.1.0]
  ignore line: [Target: x86_64-pc-linux-gnu]
  ignore line: [Thread model: posix]
  ignore line: [InstalledDir: /usr/bin]
  ignore line: [Found candidate GCC installation: /usr/bin/../lib/gcc/x86_64-pc-linux-gnu/10.2.0]
  ignore line: [Found candidate GCC installation: /usr/bin/../lib/gcc/x86_64-pc-linux-gnu/8.4.0]
  ignore line: [Found candidate GCC installation: /usr/bin/../lib64/gcc/x86_64-pc-linux-gnu/10.2.0]
  ignore line: [Found candidate GCC installation: /usr/bin/../lib64/gcc/x86_64-pc-linux-gnu/8.4.0]
  ignore line: [Found candidate GCC installation: /usr/lib/gcc/x86_64-pc-linux-gnu/10.2.0]
  ignore line: [Found candidate GCC installation: /usr/lib/gcc/x86_64-pc-linux-gnu/8.4.0]
  ignore line: [Found candidate GCC installation: /usr/lib64/gcc/x86_64-pc-linux-gnu/10.2.0]
  ignore line: [Found candidate GCC installation: /usr/lib64/gcc/x86_64-pc-linux-gnu/8.4.0]
  ignore line: [Selected GCC installation: /usr/bin/../lib64/gcc/x86_64-pc-linux-gnu/10.2.0]
  ignore line: [Candidate multilib: .]
  ignore line: [@m64]
  ignore line: [Candidate multilib: 32]
  ignore line: [@m32]
  ignore line: [Selected multilib: .]
  ignore line: [@m64]
  link line: [ "/usr/bin/ld" -pie --eh-frame-hdr -m elf_x86_64 -dynamic-linker /lib64/ld-linux-x86-64.so.2 -o cmTC_f704f /usr/bin/../lib64/gcc/x86_64-pc-linux-gnu/10.2.0/../../../../lib64/Scrt1.o /usr/bin/../lib64/gcc/x86_64-pc-linux-gnu/10.2.0/../../../../lib64/crti.o /usr/bin/../lib64/gcc/x86_64-pc-linux-gnu/10.2.0/crtbeginS.o -L/usr/bin/../lib64/gcc/x86_64-pc-linux-gnu/10.2.0 -L/usr/bin/../lib64/gcc/x86_64-pc-linux-gnu/10.2.0/../../../../lib64 -L/usr/bin/../lib64 -L/lib/../lib64 -L/usr/lib/../lib64 -L/usr/bin/../lib64/gcc/x86_64-pc-linux-gnu/10.2.0/../../.. -L/usr/bin/../lib -L/lib -L/usr/lib CMakeFiles/cmTC_f704f.dir/CMakeCCompilerABI.c.o -lgcc --as-needed -lgcc_s --no-as-needed -lc -lgcc --as-needed -lgcc_s --no-as-needed /usr/bin/../lib64/gcc/x86_64-pc-linux-gnu/10.2.0/crtendS.o /usr/bin/../lib64/gcc/x86_64-pc-linux-gnu/10.2.0/../../../../lib64/crtn.o]
    arg [/usr/bin/ld] ==> ignore
    arg [-pie] ==> ignore
    arg [--eh-frame-hdr] ==> ignore
    arg [-m] ==> ignore
    arg [elf_x86_64] ==> ignore
    arg [-dynamic-linker] ==> ignore
    arg [/lib64/ld-linux-x86-64.so.2] ==> ignore
    arg [-o] ==> ignore
    arg [cmTC_f704f] ==> ignore
    arg [/usr/bin/../lib64/gcc/x86_64-pc-linux-gnu/10.2.0/../../../../lib64/Scrt1.o] ==> obj [/usr/bin/../lib64/gcc/x86_64-pc-linux-gnu/10.2.0/../../../../lib64/Scrt1.o]
    arg [/usr/bin/../lib64/gcc/x86_64-pc-linux-gnu/10.2.0/../../../../lib64/crti.o] ==> obj [/usr/bin/../lib64/gcc/x86_64-pc-linux-gnu/10.2.0/../../../../lib64/crti.o]
    arg [/usr/bin/../lib64/gcc/x86_64-pc-linux-gnu/10.2.0/crtbeginS.o] ==> obj [/usr/bin/../lib64/gcc/x86_64-pc-linux-gnu/10.2.0/crtbeginS.o]
    arg [-L/usr/bin/../lib64/gcc/x86_64-pc-linux-gnu/10.2.0] ==> dir [/usr/bin/../lib64/gcc/x86_64-pc-linux-gnu/10.2.0]
    arg [-L/usr/bin/../lib64/gcc/x86_64-pc-linux-gnu/10.2.0/../../../../lib64] ==> dir [/usr/bin/../lib64/gcc/x86_64-pc-linux-gnu/10.2.0/../../../../lib64]
    arg [-L/usr/bin/../lib64] ==> dir [/usr/bin/../lib64]
    arg [-L/lib/../lib64] ==> dir [/lib/../lib64]
    arg [-L/usr/lib/../lib64] ==> dir [/usr/lib/../lib64]
    arg [-L/usr/bin/../lib64/gcc/x86_64-pc-linux-gnu/10.2.0/../../..] ==> dir [/usr/bin/../lib64/gcc/x86_64-pc-linux-gnu/10.2.0/../../..]
    arg [-L/usr/bin/../lib] ==> dir [/usr/bin/../lib]
    arg [-L/lib] ==> dir [/lib]
    arg [-L/usr/lib] ==> dir [/usr/lib]
    arg [CMakeFiles/cmTC_f704f.dir/CMakeCCompilerABI.c.o] ==> ignore
    arg [-lgcc] ==> lib [gcc]
    arg [--as-needed] ==> ignore
    arg [-lgcc_s] ==> lib [gcc_s]
    arg [--no-as-needed] ==> ignore
    arg [-lc] ==> lib [c]
    arg [-lgcc] ==> lib [gcc]
    arg [--as-needed] ==> ignore
    arg [-lgcc_s] ==> lib [gcc_s]
    arg [--no-as-needed] ==> ignore
    arg [/usr/bin/../lib64/gcc/x86_64-pc-linux-gnu/10.2.0/crtendS.o] ==> obj [/usr/bin/../lib64/gcc/x86_64-pc-linux-gnu/10.2.0/crtendS.o]
    arg [/usr/bin/../lib64/gcc/x86_64-pc-linux-gnu/10.2.0/../../../../lib64/crtn.o] ==> obj [/usr/bin/../lib64/gcc/x86_64-pc-linux-gnu/10.2.0/../../../../lib64/crtn.o]
  collapse obj [/usr/bin/../lib64/gcc/x86_64-pc-linux-gnu/10.2.0/../../../../lib64/Scrt1.o] ==> [/usr/lib64/Scrt1.o]
  collapse obj [/usr/bin/../lib64/gcc/x86_64-pc-linux-gnu/10.2.0/../../../../lib64/crti.o] ==> [/usr/lib64/crti.o]
  collapse obj [/usr/bin/../lib64/gcc/x86_64-pc-linux-gnu/10.2.0/crtbeginS.o] ==> [/usr/lib64/gcc/x86_64-pc-linux-gnu/10.2.0/crtbeginS.o]
  collapse obj [/usr/bin/../lib64/gcc/x86_64-pc-linux-gnu/10.2.0/crtendS.o] ==> [/usr/lib64/gcc/x86_64-pc-linux-gnu/10.2.0/crtendS.o]
  collapse obj [/usr/bin/../lib64/gcc/x86_64-pc-linux-gnu/10.2.0/../../../../lib64/crtn.o] ==> [/usr/lib64/crtn.o]
  collapse library dir [/usr/bin/../lib64/gcc/x86_64-pc-linux-gnu/10.2.0] ==> [/usr/lib64/gcc/x86_64-pc-linux-gnu/10.2.0]
  collapse library dir [/usr/bin/../lib64/gcc/x86_64-pc-linux-gnu/10.2.0/../../../../lib64] ==> [/usr/lib64]
  collapse library dir [/usr/bin/../lib64] ==> [/usr/lib64]
  collapse library dir [/lib/../lib64] ==> [/lib64]
  collapse library dir [/usr/lib/../lib64] ==> [/usr/lib64]
  collapse library dir [/usr/bin/../lib64/gcc/x86_64-pc-linux-gnu/10.2.0/../../..] ==> [/usr/lib64]
  collapse library dir [/usr/bin/../lib] ==> [/usr/lib]
  collapse library dir [/lib] ==> [/lib]
  collapse library dir [/usr/lib] ==> [/usr/lib]
  implicit libs: [gcc;gcc_s;c;gcc;gcc_s]
  implicit objs: [/usr/lib64/Scrt1.o;/usr/lib64/crti.o;/usr/lib64/gcc/x86_64-pc-linux-gnu/10.2.0/crtbeginS.o;/usr/lib64/gcc/x86_64-pc-linux-gnu/10.2.0/crtendS.o;/usr/lib64/crtn.o]
  implicit dirs: [/usr/lib64/gcc/x86_64-pc-linux-gnu/10.2.0;/usr/lib64;/lib64;/usr/lib;/lib]
  implicit fwks: []


Detecting CXX compiler ABI info compiled with the following output:
Change Dir: /home/paul/Projekte/AdaptiveReprogramming/voila_mlir/build/CMakeFiles/CMakeTmp

Run Build Command(s):/usr/bin/ninja cmTC_e2868 && [1/2] Building CXX object CMakeFiles/cmTC_e2868.dir/CMakeCXXCompilerABI.cpp.o
clang version 11.0.0 (https://github.com/llvm/llvm-project.git 0d5d5a75e21fea2154fab87cafb76024bf3858e6)
Target: x86_64-unknown-linux-gnu
Thread model: posix
InstalledDir: /usr/bin
Found candidate GCC installation: /usr/bin/../lib/gcc/x86_64-pc-linux-gnu/10.2.0
Found candidate GCC installation: /usr/bin/../lib/gcc/x86_64-pc-linux-gnu/8.4.0
Found candidate GCC installation: /usr/bin/../lib64/gcc/x86_64-pc-linux-gnu/10.2.0
Found candidate GCC installation: /usr/bin/../lib64/gcc/x86_64-pc-linux-gnu/8.4.0
Found candidate GCC installation: /usr/lib/gcc/x86_64-pc-linux-gnu/10.2.0
Found candidate GCC installation: /usr/lib/gcc/x86_64-pc-linux-gnu/8.4.0
Found candidate GCC installation: /usr/lib64/gcc/x86_64-pc-linux-gnu/10.2.0
Found candidate GCC installation: /usr/lib64/gcc/x86_64-pc-linux-gnu/8.4.0
Selected GCC installation: /usr/bin/../lib64/gcc/x86_64-pc-linux-gnu/10.2.0
Candidate multilib: .;@m64
Candidate multilib: 32;@m32
Selected multilib: .;@m64
 (in-process)
 "/opt/bin/clang-11" -cc1 -triple x86_64-unknown-linux-gnu -emit-obj -mrelax-all -disable-free -disable-llvm-verifier -discard-value-names -main-file-name CMakeCXXCompilerABI.cpp -mrelocation-model static -mthread-model posix -mframe-pointer=all -fmath-errno -fno-rounding-math -mconstructor-aliases -munwind-tables -target-cpu x86-64 -dwarf-column-info -fno-split-dwarf-inlining -debugger-tuning=gdb -v -resource-dir /opt/lib/clang/11.0.0 -dependency-file CMakeFiles/cmTC_e2868.dir/CMakeCXXCompilerABI.cpp.o.d -MT CMakeFiles/cmTC_e2868.dir/CMakeCXXCompilerABI.cpp.o -sys-header-deps -internal-isystem /usr/bin/../lib64/gcc/x86_64-pc-linux-gnu/10.2.0/../../../../include/c++/10.2.0 -internal-isystem /usr/bin/../lib64/gcc/x86_64-pc-linux-gnu/10.2.0/../../../../include/c++/10.2.0/x86_64-pc-linux-gnu -internal-isystem /usr/bin/../lib64/gcc/x86_64-pc-linux-gnu/10.2.0/../../../../include/c++/10.2.0/backward -internal-isystem /usr/local/include -internal-isystem /opt/lib/clang/11.0.0/include -internal-externc-isystem /include -internal-externc-isystem /usr/include -fdeprecated-macro -fdebug-compilation-dir /home/paul/Projekte/AdaptiveReprogramming/voila_mlir/build/CMakeFiles/CMakeTmp -ferror-limit 19 -fgnuc-version=4.2.1 -fcxx-exceptions -fexceptions -faddrsig -o CMakeFiles/cmTC_e2868.dir/CMakeCXXCompilerABI.cpp.o -x c++ /usr/share/cmake-3.20/Modules/CMakeCXXCompilerABI.cpp
clang -cc1 version 11.0.0 based upon LLVM 11.0.0git default target x86_64-unknown-linux-gnu
ignoring nonexistent directory "/include"
#include "..." search starts here:
#include <...> search starts here:
 /usr/bin/../lib64/gcc/x86_64-pc-linux-gnu/10.2.0/../../../../include/c++/10.2.0
 /usr/bin/../lib64/gcc/x86_64-pc-linux-gnu/10.2.0/../../../../include/c++/10.2.0/x86_64-pc-linux-gnu
 /usr/bin/../lib64/gcc/x86_64-pc-linux-gnu/10.2.0/../../../../include/c++/10.2.0/backward
 /usr/local/include
 /opt/lib/clang/11.0.0/include
 /usr/include
End of search list.
[2/2] Linking CXX executable cmTC_e2868
clang version 11.0.0 (https://github.com/llvm/llvm-project.git 0d5d5a75e21fea2154fab87cafb76024bf3858e6)
Target: x86_64-unknown-linux-gnu
Thread model: posix
InstalledDir: /usr/bin
Found candidate GCC installation: /usr/bin/../lib/gcc/x86_64-pc-linux-gnu/10.2.0
Found candidate GCC installation: /usr/bin/../lib/gcc/x86_64-pc-linux-gnu/8.4.0
Found candidate GCC installation: /usr/bin/../lib64/gcc/x86_64-pc-linux-gnu/10.2.0
Found candidate GCC installation: /usr/bin/../lib64/gcc/x86_64-pc-linux-gnu/8.4.0
Found candidate GCC installation: /usr/lib/gcc/x86_64-pc-linux-gnu/10.2.0
Found candidate GCC installation: /usr/lib/gcc/x86_64-pc-linux-gnu/8.4.0
Found candidate GCC installation: /usr/lib64/gcc/x86_64-pc-linux-gnu/10.2.0
Found candidate GCC installation: /usr/lib64/gcc/x86_64-pc-linux-gnu/8.4.0
Selected GCC installation: /usr/bin/../lib64/gcc/x86_64-pc-linux-gnu/10.2.0
Candidate multilib: .;@m64
Candidate multilib: 32;@m32
Selected multilib: .;@m64
 "/usr/bin/ld" --eh-frame-hdr -m elf_x86_64 -dynamic-linker /lib64/ld-linux-x86-64.so.2 -o cmTC_e2868 /usr/bin/../lib64/gcc/x86_64-pc-linux-gnu/10.2.0/../../../../lib64/crt1.o /usr/bin/../lib64/gcc/x86_64-pc-linux-gnu/10.2.0/../../../../lib64/crti.o /usr/bin/../lib64/gcc/x86_64-pc-linux-gnu/10.2.0/crtbegin.o -L/usr/bin/../lib64/gcc/x86_64-pc-linux-gnu/10.2.0 -L/usr/bin/../lib64/gcc/x86_64-pc-linux-gnu/10.2.0/../../../../lib64 -L/lib/../lib64 -L/usr/lib/../lib64 -L/usr/bin/../lib64/gcc/x86_64-pc-linux-gnu/10.2.0/../../.. -L/opt/bin/../lib -L/lib -L/usr/lib CMakeFiles/cmTC_e2868.dir/CMakeCXXCompilerABI.cpp.o -lstdc++ -lm -lgcc_s -lgcc -lc -lgcc_s -lgcc /usr/bin/../lib64/gcc/x86_64-pc-linux-gnu/10.2.0/crtend.o /usr/bin/../lib64/gcc/x86_64-pc-linux-gnu/10.2.0/../../../../lib64/crtn.o



Parsed CXX implicit include dir info from above output: rv=done
  found start of include info
  found start of implicit include info
    add: [/usr/bin/../lib64/gcc/x86_64-pc-linux-gnu/10.2.0/../../../../include/c++/10.2.0]
    add: [/usr/bin/../lib64/gcc/x86_64-pc-linux-gnu/10.2.0/../../../../include/c++/10.2.0/x86_64-pc-linux-gnu]
    add: [/usr/bin/../lib64/gcc/x86_64-pc-linux-gnu/10.2.0/../../../../include/c++/10.2.0/backward]
    add: [/usr/local/include]
    add: [/opt/lib/clang/11.0.0/include]
    add: [/usr/include]
  end of search list found
  collapse include dir [/usr/bin/../lib64/gcc/x86_64-pc-linux-gnu/10.2.0/../../../../include/c++/10.2.0] ==> [/usr/include/c++/10.2.0]
  collapse include dir [/usr/bin/../lib64/gcc/x86_64-pc-linux-gnu/10.2.0/../../../../include/c++/10.2.0/x86_64-pc-linux-gnu] ==> [/usr/include/c++/10.2.0/x86_64-pc-linux-gnu]
  collapse include dir [/usr/bin/../lib64/gcc/x86_64-pc-linux-gnu/10.2.0/../../../../include/c++/10.2.0/backward] ==> [/usr/include/c++/10.2.0/backward]
  collapse include dir [/usr/local/include] ==> [/usr/local/include]
  collapse include dir [/opt/lib/clang/11.0.0/include] ==> [/opt/lib/clang/11.0.0/include]
  collapse include dir [/usr/include] ==> [/usr/include]
  implicit include dirs: [/usr/include/c++/10.2.0;/usr/include/c++/10.2.0/x86_64-pc-linux-gnu;/usr/include/c++/10.2.0/backward;/usr/local/include;/opt/lib/clang/11.0.0/include;/usr/include]


Parsed CXX implicit link information from above output:
  link line regex: [^( *|.*[/\])(ld|CMAKE_LINK_STARTFILE-NOTFOUND|([^/\]+-)?ld|collect2)[^/\]*( |$)]
  ignore line: [Change Dir: /home/paul/Projekte/AdaptiveReprogramming/voila_mlir/build/CMakeFiles/CMakeTmp]
  ignore line: []
  ignore line: [Run Build Command(s):/usr/bin/ninja cmTC_e2868 && [1/2] Building CXX object CMakeFiles/cmTC_e2868.dir/CMakeCXXCompilerABI.cpp.o]
  ignore line: [clang version 11.0.0 (https://github.com/llvm/llvm-project.git 0d5d5a75e21fea2154fab87cafb76024bf3858e6)]
  ignore line: [Target: x86_64-unknown-linux-gnu]
  ignore line: [Thread model: posix]
  ignore line: [InstalledDir: /usr/bin]
  ignore line: [Found candidate GCC installation: /usr/bin/../lib/gcc/x86_64-pc-linux-gnu/10.2.0]
  ignore line: [Found candidate GCC installation: /usr/bin/../lib/gcc/x86_64-pc-linux-gnu/8.4.0]
  ignore line: [Found candidate GCC installation: /usr/bin/../lib64/gcc/x86_64-pc-linux-gnu/10.2.0]
  ignore line: [Found candidate GCC installation: /usr/bin/../lib64/gcc/x86_64-pc-linux-gnu/8.4.0]
  ignore line: [Found candidate GCC installation: /usr/lib/gcc/x86_64-pc-linux-gnu/10.2.0]
  ignore line: [Found candidate GCC installation: /usr/lib/gcc/x86_64-pc-linux-gnu/8.4.0]
  ignore line: [Found candidate GCC installation: /usr/lib64/gcc/x86_64-pc-linux-gnu/10.2.0]
  ignore line: [Found candidate GCC installation: /usr/lib64/gcc/x86_64-pc-linux-gnu/8.4.0]
  ignore line: [Selected GCC installation: /usr/bin/../lib64/gcc/x86_64-pc-linux-gnu/10.2.0]
  ignore line: [Candidate multilib: .]
  ignore line: [@m64]
  ignore line: [Candidate multilib: 32]
  ignore line: [@m32]
  ignore line: [Selected multilib: .]
  ignore line: [@m64]
  ignore line: [ (in-process)]
  ignore line: [ "/opt/bin/clang-11" -cc1 -triple x86_64-unknown-linux-gnu -emit-obj -mrelax-all -disable-free -disable-llvm-verifier -discard-value-names -main-file-name CMakeCXXCompilerABI.cpp -mrelocation-model static -mthread-model posix -mframe-pointer=all -fmath-errno -fno-rounding-math -mconstructor-aliases -munwind-tables -target-cpu x86-64 -dwarf-column-info -fno-split-dwarf-inlining -debugger-tuning=gdb -v -resource-dir /opt/lib/clang/11.0.0 -dependency-file CMakeFiles/cmTC_e2868.dir/CMakeCXXCompilerABI.cpp.o.d -MT CMakeFiles/cmTC_e2868.dir/CMakeCXXCompilerABI.cpp.o -sys-header-deps -internal-isystem /usr/bin/../lib64/gcc/x86_64-pc-linux-gnu/10.2.0/../../../../include/c++/10.2.0 -internal-isystem /usr/bin/../lib64/gcc/x86_64-pc-linux-gnu/10.2.0/../../../../include/c++/10.2.0/x86_64-pc-linux-gnu -internal-isystem /usr/bin/../lib64/gcc/x86_64-pc-linux-gnu/10.2.0/../../../../include/c++/10.2.0/backward -internal-isystem /usr/local/include -internal-isystem /opt/lib/clang/11.0.0/include -internal-externc-isystem /include -internal-externc-isystem /usr/include -fdeprecated-macro -fdebug-compilation-dir /home/paul/Projekte/AdaptiveReprogramming/voila_mlir/build/CMakeFiles/CMakeTmp -ferror-limit 19 -fgnuc-version=4.2.1 -fcxx-exceptions -fexceptions -faddrsig -o CMakeFiles/cmTC_e2868.dir/CMakeCXXCompilerABI.cpp.o -x c++ /usr/share/cmake-3.20/Modules/CMakeCXXCompilerABI.cpp]
  ignore line: [clang -cc1 version 11.0.0 based upon LLVM 11.0.0git default target x86_64-unknown-linux-gnu]
  ignore line: [ignoring nonexistent directory "/include"]
  ignore line: [#include "..." search starts here:]
  ignore line: [#include <...> search starts here:]
  ignore line: [ /usr/bin/../lib64/gcc/x86_64-pc-linux-gnu/10.2.0/../../../../include/c++/10.2.0]
  ignore line: [ /usr/bin/../lib64/gcc/x86_64-pc-linux-gnu/10.2.0/../../../../include/c++/10.2.0/x86_64-pc-linux-gnu]
  ignore line: [ /usr/bin/../lib64/gcc/x86_64-pc-linux-gnu/10.2.0/../../../../include/c++/10.2.0/backward]
  ignore line: [ /usr/local/include]
  ignore line: [ /opt/lib/clang/11.0.0/include]
  ignore line: [ /usr/include]
  ignore line: [End of search list.]
  ignore line: [[2/2] Linking CXX executable cmTC_e2868]
  ignore line: [clang version 11.0.0 (https://github.com/llvm/llvm-project.git 0d5d5a75e21fea2154fab87cafb76024bf3858e6)]
  ignore line: [Target: x86_64-unknown-linux-gnu]
  ignore line: [Thread model: posix]
  ignore line: [InstalledDir: /usr/bin]
  ignore line: [Found candidate GCC installation: /usr/bin/../lib/gcc/x86_64-pc-linux-gnu/10.2.0]
  ignore line: [Found candidate GCC installation: /usr/bin/../lib/gcc/x86_64-pc-linux-gnu/8.4.0]
  ignore line: [Found candidate GCC installation: /usr/bin/../lib64/gcc/x86_64-pc-linux-gnu/10.2.0]
  ignore line: [Found candidate GCC installation: /usr/bin/../lib64/gcc/x86_64-pc-linux-gnu/8.4.0]
  ignore line: [Found candidate GCC installation: /usr/lib/gcc/x86_64-pc-linux-gnu/10.2.0]
  ignore line: [Found candidate GCC installation: /usr/lib/gcc/x86_64-pc-linux-gnu/8.4.0]
  ignore line: [Found candidate GCC installation: /usr/lib64/gcc/x86_64-pc-linux-gnu/10.2.0]
  ignore line: [Found candidate GCC installation: /usr/lib64/gcc/x86_64-pc-linux-gnu/8.4.0]
  ignore line: [Selected GCC installation: /usr/bin/../lib64/gcc/x86_64-pc-linux-gnu/10.2.0]
  ignore line: [Candidate multilib: .]
  ignore line: [@m64]
  ignore line: [Candidate multilib: 32]
  ignore line: [@m32]
  ignore line: [Selected multilib: .]
  ignore line: [@m64]
  link line: [ "/usr/bin/ld" --eh-frame-hdr -m elf_x86_64 -dynamic-linker /lib64/ld-linux-x86-64.so.2 -o cmTC_e2868 /usr/bin/../lib64/gcc/x86_64-pc-linux-gnu/10.2.0/../../../../lib64/crt1.o /usr/bin/../lib64/gcc/x86_64-pc-linux-gnu/10.2.0/../../../../lib64/crti.o /usr/bin/../lib64/gcc/x86_64-pc-linux-gnu/10.2.0/crtbegin.o -L/usr/bin/../lib64/gcc/x86_64-pc-linux-gnu/10.2.0 -L/usr/bin/../lib64/gcc/x86_64-pc-linux-gnu/10.2.0/../../../../lib64 -L/lib/../lib64 -L/usr/lib/../lib64 -L/usr/bin/../lib64/gcc/x86_64-pc-linux-gnu/10.2.0/../../.. -L/opt/bin/../lib -L/lib -L/usr/lib CMakeFiles/cmTC_e2868.dir/CMakeCXXCompilerABI.cpp.o -lstdc++ -lm -lgcc_s -lgcc -lc -lgcc_s -lgcc /usr/bin/../lib64/gcc/x86_64-pc-linux-gnu/10.2.0/crtend.o /usr/bin/../lib64/gcc/x86_64-pc-linux-gnu/10.2.0/../../../../lib64/crtn.o]
    arg [/usr/bin/ld] ==> ignore
    arg [--eh-frame-hdr] ==> ignore
    arg [-m] ==> ignore
    arg [elf_x86_64] ==> ignore
    arg [-dynamic-linker] ==> ignore
    arg [/lib64/ld-linux-x86-64.so.2] ==> ignore
    arg [-o] ==> ignore
    arg [cmTC_e2868] ==> ignore
    arg [/usr/bin/../lib64/gcc/x86_64-pc-linux-gnu/10.2.0/../../../../lib64/crt1.o] ==> obj [/usr/bin/../lib64/gcc/x86_64-pc-linux-gnu/10.2.0/../../../../lib64/crt1.o]
    arg [/usr/bin/../lib64/gcc/x86_64-pc-linux-gnu/10.2.0/../../../../lib64/crti.o] ==> obj [/usr/bin/../lib64/gcc/x86_64-pc-linux-gnu/10.2.0/../../../../lib64/crti.o]
    arg [/usr/bin/../lib64/gcc/x86_64-pc-linux-gnu/10.2.0/crtbegin.o] ==> obj [/usr/bin/../lib64/gcc/x86_64-pc-linux-gnu/10.2.0/crtbegin.o]
    arg [-L/usr/bin/../lib64/gcc/x86_64-pc-linux-gnu/10.2.0] ==> dir [/usr/bin/../lib64/gcc/x86_64-pc-linux-gnu/10.2.0]
    arg [-L/usr/bin/../lib64/gcc/x86_64-pc-linux-gnu/10.2.0/../../../../lib64] ==> dir [/usr/bin/../lib64/gcc/x86_64-pc-linux-gnu/10.2.0/../../../../lib64]
    arg [-L/lib/../lib64] ==> dir [/lib/../lib64]
    arg [-L/usr/lib/../lib64] ==> dir [/usr/lib/../lib64]
    arg [-L/usr/bin/../lib64/gcc/x86_64-pc-linux-gnu/10.2.0/../../..] ==> dir [/usr/bin/../lib64/gcc/x86_64-pc-linux-gnu/10.2.0/../../..]
    arg [-L/opt/bin/../lib] ==> dir [/opt/bin/../lib]
    arg [-L/lib] ==> dir [/lib]
    arg [-L/usr/lib] ==> dir [/usr/lib]
    arg [CMakeFiles/cmTC_e2868.dir/CMakeCXXCompilerABI.cpp.o] ==> ignore
    arg [-lstdc++] ==> lib [stdc++]
    arg [-lm] ==> lib [m]
    arg [-lgcc_s] ==> lib [gcc_s]
    arg [-lgcc] ==> lib [gcc]
    arg [-lc] ==> lib [c]
    arg [-lgcc_s] ==> lib [gcc_s]
    arg [-lgcc] ==> lib [gcc]
    arg [/usr/bin/../lib64/gcc/x86_64-pc-linux-gnu/10.2.0/crtend.o] ==> obj [/usr/bin/../lib64/gcc/x86_64-pc-linux-gnu/10.2.0/crtend.o]
    arg [/usr/bin/../lib64/gcc/x86_64-pc-linux-gnu/10.2.0/../../../../lib64/crtn.o] ==> obj [/usr/bin/../lib64/gcc/x86_64-pc-linux-gnu/10.2.0/../../../../lib64/crtn.o]
  collapse obj [/usr/bin/../lib64/gcc/x86_64-pc-linux-gnu/10.2.0/../../../../lib64/crt1.o] ==> [/usr/lib64/crt1.o]
  collapse obj [/usr/bin/../lib64/gcc/x86_64-pc-linux-gnu/10.2.0/../../../../lib64/crti.o] ==> [/usr/lib64/crti.o]
  collapse obj [/usr/bin/../lib64/gcc/x86_64-pc-linux-gnu/10.2.0/crtbegin.o] ==> [/usr/lib64/gcc/x86_64-pc-linux-gnu/10.2.0/crtbegin.o]
  collapse obj [/usr/bin/../lib64/gcc/x86_64-pc-linux-gnu/10.2.0/crtend.o] ==> [/usr/lib64/gcc/x86_64-pc-linux-gnu/10.2.0/crtend.o]
  collapse obj [/usr/bin/../lib64/gcc/x86_64-pc-linux-gnu/10.2.0/../../../../lib64/crtn.o] ==> [/usr/lib64/crtn.o]
  collapse library dir [/usr/bin/../lib64/gcc/x86_64-pc-linux-gnu/10.2.0] ==> [/usr/lib64/gcc/x86_64-pc-linux-gnu/10.2.0]
  collapse library dir [/usr/bin/../lib64/gcc/x86_64-pc-linux-gnu/10.2.0/../../../../lib64] ==> [/usr/lib64]
  collapse library dir [/lib/../lib64] ==> [/lib64]
  collapse library dir [/usr/lib/../lib64] ==> [/usr/lib64]
  collapse library dir [/usr/bin/../lib64/gcc/x86_64-pc-linux-gnu/10.2.0/../../..] ==> [/usr/lib64]
  collapse library dir [/opt/bin/../lib] ==> [/opt/lib]
  collapse library dir [/lib] ==> [/lib]
  collapse library dir [/usr/lib] ==> [/usr/lib]
  implicit libs: [stdc++;m;gcc_s;gcc;c;gcc_s;gcc]
  implicit objs: [/usr/lib64/crt1.o;/usr/lib64/crti.o;/usr/lib64/gcc/x86_64-pc-linux-gnu/10.2.0/crtbegin.o;/usr/lib64/gcc/x86_64-pc-linux-gnu/10.2.0/crtend.o;/usr/lib64/crtn.o]
  implicit dirs: [/usr/lib64/gcc/x86_64-pc-linux-gnu/10.2.0;/usr/lib64;/lib64;/opt/lib;/lib;/usr/lib]
  implicit fwks: []


Determining if the mmap exist passed with the following output:
Change Dir: /home/paul/Projekte/AdaptiveReprogramming/voila_mlir/build/CMakeFiles/CMakeTmp

Run Build Command(s):/usr/bin/ninja cmTC_ed0c3 && [1/2] Building C object CMakeFiles/cmTC_ed0c3.dir/CheckSymbolExists.c.o
[2/2] Linking C executable cmTC_ed0c3


File /home/paul/Projekte/AdaptiveReprogramming/voila_mlir/build/CMakeFiles/CMakeTmp/CheckSymbolExists.c:
/* */
#include <sys/mman.h>

int main(int argc, char** argv)
{
  (void)argv;
#ifndef mmap
  return ((int*)(&mmap))[argc];
#else
  (void)argc;
  return 0;
#endif
}
Determining if the sysconf exist passed with the following output:
Change Dir: /home/paul/Projekte/AdaptiveReprogramming/voila_mlir/build/CMakeFiles/CMakeTmp

Run Build Command(s):/usr/bin/ninja cmTC_4b6c3 && [1/2] Building C object CMakeFiles/cmTC_4b6c3.dir/CheckSymbolExists.c.o
[2/2] Linking C executable cmTC_4b6c3


File /home/paul/Projekte/AdaptiveReprogramming/voila_mlir/build/CMakeFiles/CMakeTmp/CheckSymbolExists.c:
/* */
#include <unistd.h>

int main(int argc, char** argv)
{
  (void)argv;
#ifndef sysconf
  return ((int*)(&sysconf))[argc];
#else
  (void)argc;
  return 0;
#endif
}
Determining if the MAP_POPULATE exist passed with the following output:
Change Dir: /home/paul/Projekte/AdaptiveReprogramming/voila_mlir/build/CMakeFiles/CMakeTmp

Run Build Command(s):/usr/bin/ninja cmTC_811f9 && [1/2] Building C object CMakeFiles/cmTC_811f9.dir/CheckSymbolExists.c.o
[2/2] Linking C executable cmTC_811f9


File /home/paul/Projekte/AdaptiveReprogramming/voila_mlir/build/CMakeFiles/CMakeTmp/CheckSymbolExists.c:
/* */
#include <sys/mman.h>

int main(int argc, char** argv)
{
  (void)argv;
#ifndef MAP_POPULATE
  return ((int*)(&MAP_POPULATE))[argc];
#else
  (void)argc;
  return 0;
#endif
}
Determining if the include file pthread.h exists passed with the following output:
Change Dir: /home/paul/Projekte/AdaptiveReprogramming/voila_mlir/build/CMakeFiles/CMakeTmp

Run Build Command(s):/usr/bin/ninja cmTC_29e95 && [1/2] Building C object CMakeFiles/cmTC_29e95.dir/CheckIncludeFile.c.o
[2/2] Linking C executable cmTC_29e95



Determining if the function pthread_create exists in the pthread passed with the following output:
Change Dir: /home/paul/Projekte/AdaptiveReprogramming/voila_mlir/build/CMakeFiles/CMakeTmp

Run Build Command(s):/usr/bin/ninja cmTC_ca855 && [1/2] Building C object CMakeFiles/cmTC_ca855.dir/CheckFunctionExists.c.o
[2/2] Linking C executable cmTC_ca855



